/scratch/kandru.b/fp_f2022_binf6308_sec3-bhavithakandru/data/trimmed_rna/Miseq.R1.paired.fastq
/scratch/kandru.b/fp_f2022_binf6308_sec3-bhavithakandru/data/trimmed_rna/Miseq.R2.paired.fastq


     ______  ____   ____  ____   ____  ______  __ __
    |      ||    \ |    ||    \ |    ||      ||  |  |
    |      ||  D  ) |  | |  _  | |  | |      ||  |  |
    |_|  |_||    /  |  | |  |  | |  | |_|  |_||  ~  |
      |  |  |    \  |  | |  |  | |  |   |  |  |___, |
      |  |  |  .  \ |  | |  |  | |  |   |  |  |     |
      |__|  |__|\_||____||__|__||____|  |__|  |____/

    Trinity-v2.9.1



Left read files: $VAR1 = [
          '/scratch/kandru.b/fp_f2022_binf6308_sec3-bhavithakandru/data/trimmed_rna/Miseq.R1.paired.fastq'
        ];
Right read files: $VAR1 = [
          '/scratch/kandru.b/fp_f2022_binf6308_sec3-bhavithakandru/data/trimmed_rna/Miseq.R2.paired.fastq'
        ];
Trinity version: Trinity-v2.9.1
** NOTE: Latest version of Trinity is Trinity-v2.15.0, and can be obtained at:
	https://github.com/trinityrnaseq/trinityrnaseq/releases

Saturday, December 17, 2022: 13:18:11	CMD: java -Xmx64m -XX:ParallelGCThreads=2  -jar /shared/centos7/anaconda3/2021.11/envs/BINF-12-2021/opt/trinity-2.9.1/util/support_scripts/ExitTester.jar 0
Saturday, December 17, 2022: 13:18:11	CMD: java -Xmx4g -XX:ParallelGCThreads=2  -jar /shared/centos7/anaconda3/2021.11/envs/BINF-12-2021/opt/trinity-2.9.1/util/support_scripts/ExitTester.jar 1


----------------------------------------------------------------------------------
-------------- Trinity Phase 1: Clustering of RNA-Seq Reads  ---------------------
----------------------------------------------------------------------------------

---------------------------------------------------------------
------------ In silico Read Normalization ---------------------
-- (Removing Excess Reads Beyond 200 Coverage --
---------------------------------------------------------------

# running normalization on reads: $VAR1 = [
          [
            '/scratch/kandru.b/fp_f2022_binf6308_sec3-bhavithakandru/data/trimmed_rna/Miseq.R1.paired.fastq'
          ],
          [
            '/scratch/kandru.b/fp_f2022_binf6308_sec3-bhavithakandru/data/trimmed_rna/Miseq.R2.paired.fastq'
          ]
        ];


--------------------------------------------------------
-------------------- Chrysalis -------------------------
-- (Contig Clustering & de Bruijn Graph Construction) --
--------------------------------------------------------

inchworm_target: /scratch/kandru.b/fp_f2022_binf6308_sec3-bhavithakandru/results/trinity_de_novo/both.fa
bowtie_reads_fa: /scratch/kandru.b/fp_f2022_binf6308_sec3-bhavithakandru/results/trinity_de_novo/both.fa
chrysalis_reads_fa: /scratch/kandru.b/fp_f2022_binf6308_sec3-bhavithakandru/results/trinity_de_novo/both.fa


#######################################################################
Inchworm file: /scratch/kandru.b/fp_f2022_binf6308_sec3-bhavithakandru/results/trinity_de_novo/inchworm.DS.fa detected.
Skipping Inchworm Step, Using Previous Inchworm Assembly
#######################################################################

-- Skipping CMD: /shared/centos7/anaconda3/2021.11/envs/BINF-12-2021/opt/trinity-2.9.1/util/support_scripts/filter_iworm_by_min_length_or_cov.pl /scratch/kandru.b/fp_f2022_binf6308_sec3-bhavithakandru/results/trinity_de_novo/inchworm.DS.fa 100 10 > /scratch/kandru.b/fp_f2022_binf6308_sec3-bhavithakandru/results/trinity_de_novo/chrysalis/inchworm.DS.fa.min100, checkpoint [/scratch/kandru.b/fp_f2022_binf6308_sec3-bhavithakandru/results/trinity_de_novo/chrysalis/inchworm.DS.fa.min100.ok] exists.
-- Skipping CMD: /shared/centos7/anaconda3/2021.11/envs/BINF-12-2021/bin/bowtie2-build --threads 4 -o 3 /scratch/kandru.b/fp_f2022_binf6308_sec3-bhavithakandru/results/trinity_de_novo/chrysalis/inchworm.DS.fa.min100 /scratch/kandru.b/fp_f2022_binf6308_sec3-bhavithakandru/results/trinity_de_novo/chrysalis/inchworm.DS.fa.min100 1>/dev/null, checkpoint [/scratch/kandru.b/fp_f2022_binf6308_sec3-bhavithakandru/results/trinity_de_novo/chrysalis/inchworm.DS.fa.min100.bowtie2-build.ok] exists.
-- Skipping CMD: bash -c " set -o pipefail;/shared/centos7/anaconda3/2021.11/envs/BINF-12-2021/bin/bowtie2 --local -k 2 --no-unal --threads 4 -f --score-min G,20,8 -x /scratch/kandru.b/fp_f2022_binf6308_sec3-bhavithakandru/results/trinity_de_novo/chrysalis/inchworm.DS.fa.min100 /scratch/kandru.b/fp_f2022_binf6308_sec3-bhavithakandru/results/trinity_de_novo/both.fa  | samtools view -@ 4 -F4 -Sb - | samtools sort -m 2684354560 -@ 4 -no - - > /scratch/kandru.b/fp_f2022_binf6308_sec3-bhavithakandru/results/trinity_de_novo/chrysalis/iworm.bowtie.nameSorted.bam" , checkpoint [/scratch/kandru.b/fp_f2022_binf6308_sec3-bhavithakandru/results/trinity_de_novo/chrysalis/iworm.bowtie.nameSorted.bam.ok] exists.
-- Skipping CMD: /shared/centos7/anaconda3/2021.11/envs/BINF-12-2021/opt/trinity-2.9.1/util/support_scripts/scaffold_iworm_contigs.pl /scratch/kandru.b/fp_f2022_binf6308_sec3-bhavithakandru/results/trinity_de_novo/chrysalis/iworm.bowtie.nameSorted.bam /scratch/kandru.b/fp_f2022_binf6308_sec3-bhavithakandru/results/trinity_de_novo/inchworm.DS.fa > /scratch/kandru.b/fp_f2022_binf6308_sec3-bhavithakandru/results/trinity_de_novo/chrysalis/iworm_scaffolds.txt, checkpoint [/scratch/kandru.b/fp_f2022_binf6308_sec3-bhavithakandru/results/trinity_de_novo/chrysalis/iworm_scaffolds.txt.ok] exists.
-- Skipping CMD: /shared/centos7/anaconda3/2021.11/envs/BINF-12-2021/opt/trinity-2.9.1/Chrysalis/bin/GraphFromFasta -i /scratch/kandru.b/fp_f2022_binf6308_sec3-bhavithakandru/results/trinity_de_novo/inchworm.DS.fa -r /scratch/kandru.b/fp_f2022_binf6308_sec3-bhavithakandru/results/trinity_de_novo/both.fa -min_contig_length 200 -min_glue 2 -glue_factor 0.05 -min_iso_ratio 0.05 -t 4 -k 24 -kk 48  -scaffolding /scratch/kandru.b/fp_f2022_binf6308_sec3-bhavithakandru/results/trinity_de_novo/chrysalis/iworm_scaffolds.txt  > /scratch/kandru.b/fp_f2022_binf6308_sec3-bhavithakandru/results/trinity_de_novo/chrysalis/iworm_cluster_welds_graph.txt, checkpoint [/scratch/kandru.b/fp_f2022_binf6308_sec3-bhavithakandru/results/trinity_de_novo/chrysalis/iworm_cluster_welds_graph.txt.ok] exists.
-- Skipping CMD: /usr/bin/sort --parallel=4 -T . -S 20G  -k9,9gr /scratch/kandru.b/fp_f2022_binf6308_sec3-bhavithakandru/results/trinity_de_novo/chrysalis/iworm_cluster_welds_graph.txt > /scratch/kandru.b/fp_f2022_binf6308_sec3-bhavithakandru/results/trinity_de_novo/chrysalis/iworm_cluster_welds_graph.txt.sorted, checkpoint [/scratch/kandru.b/fp_f2022_binf6308_sec3-bhavithakandru/results/trinity_de_novo/chrysalis/iworm_cluster_welds_graph.txt.sorted.ok] exists.
-- Skipping CMD: /shared/centos7/anaconda3/2021.11/envs/BINF-12-2021/opt/trinity-2.9.1/util/support_scripts/annotate_chrysalis_welds_with_iworm_names.pl /scratch/kandru.b/fp_f2022_binf6308_sec3-bhavithakandru/results/trinity_de_novo/inchworm.DS.fa /scratch/kandru.b/fp_f2022_binf6308_sec3-bhavithakandru/results/trinity_de_novo/chrysalis/iworm_cluster_welds_graph.txt.sorted > /scratch/kandru.b/fp_f2022_binf6308_sec3-bhavithakandru/results/trinity_de_novo/chrysalis/iworm_cluster_welds_graph.txt.sorted.wIwormNames, checkpoint [/scratch/kandru.b/fp_f2022_binf6308_sec3-bhavithakandru/results/trinity_de_novo/chrysalis/iworm_cluster_welds_graph.txt.sorted.wIwormNames.ok] exists.
-- Skipping CMD: /shared/centos7/anaconda3/2021.11/envs/BINF-12-2021/opt/trinity-2.9.1/Chrysalis/bin/BubbleUpClustering -i /scratch/kandru.b/fp_f2022_binf6308_sec3-bhavithakandru/results/trinity_de_novo/inchworm.DS.fa  -weld_graph /scratch/kandru.b/fp_f2022_binf6308_sec3-bhavithakandru/results/trinity_de_novo/chrysalis/iworm_cluster_welds_graph.txt.sorted -min_contig_length 200 -max_cluster_size 25  > /scratch/kandru.b/fp_f2022_binf6308_sec3-bhavithakandru/results/trinity_de_novo/chrysalis/GraphFromIwormFasta.out, checkpoint [/scratch/kandru.b/fp_f2022_binf6308_sec3-bhavithakandru/results/trinity_de_novo/chrysalis/GraphFromIwormFasta.out.ok] exists.
-- Skipping CMD: /shared/centos7/anaconda3/2021.11/envs/BINF-12-2021/opt/trinity-2.9.1/Chrysalis/bin/CreateIwormFastaBundle -i /scratch/kandru.b/fp_f2022_binf6308_sec3-bhavithakandru/results/trinity_de_novo/chrysalis/GraphFromIwormFasta.out -o /scratch/kandru.b/fp_f2022_binf6308_sec3-bhavithakandru/results/trinity_de_novo/chrysalis/bundled_iworm_contigs.fasta -min 200, checkpoint [/scratch/kandru.b/fp_f2022_binf6308_sec3-bhavithakandru/results/trinity_de_novo/chrysalis/bundled_iworm_contigs.fasta.ok] exists.
-- Skipping CMD: /shared/centos7/anaconda3/2021.11/envs/BINF-12-2021/opt/trinity-2.9.1/Chrysalis/bin/ReadsToTranscripts -i /scratch/kandru.b/fp_f2022_binf6308_sec3-bhavithakandru/results/trinity_de_novo/both.fa -f /scratch/kandru.b/fp_f2022_binf6308_sec3-bhavithakandru/results/trinity_de_novo/chrysalis/bundled_iworm_contigs.fasta -o /scratch/kandru.b/fp_f2022_binf6308_sec3-bhavithakandru/results/trinity_de_novo/chrysalis/readsToComponents.out -t 4 -max_mem_reads 50000000 , checkpoint [/scratch/kandru.b/fp_f2022_binf6308_sec3-bhavithakandru/results/trinity_de_novo/chrysalis/readsToComponents.out.ok] exists.
-- Skipping CMD: /usr/bin/sort --parallel=4 -T . -S 20G -k 1,1n /scratch/kandru.b/fp_f2022_binf6308_sec3-bhavithakandru/results/trinity_de_novo/chrysalis/readsToComponents.out > /scratch/kandru.b/fp_f2022_binf6308_sec3-bhavithakandru/results/trinity_de_novo/chrysalis/readsToComponents.out.sort, checkpoint [/scratch/kandru.b/fp_f2022_binf6308_sec3-bhavithakandru/results/trinity_de_novo/chrysalis/readsToComponents.out.sort.ok] exists.


--------------------------------------------------------------------------------
------------ Trinity Phase 2: Assembling Clusters of Reads ---------------------
------- (involving the Inchworm, Chrysalis, Butterfly trifecta ) ---------------
--------------------------------------------------------------------------------

Saturday, December 17, 2022: 13:18:13	CMD: /shared/centos7/anaconda3/2021.11/envs/BINF-12-2021/opt/trinity-2.9.1/trinity-plugins/BIN/ParaFly -c recursive_trinity.cmds -CPU 4 -v -shuffle 
warning, command: /shared/centos7/anaconda3/2021.11/envs/BINF-12-2021/opt/trinity-2.9.1/util/support_scripts/../../Trinity --single "/scratch/kandru.b/fp_f2022_binf6308_sec3-bhavithakandru/results/trinity_de_novo/read_partitions/Fb_0/CBin_0/c1.trinity.reads.fa" --output "/scratch/kandru.b/fp_f2022_binf6308_sec3-bhavithakandru/results/trinity_de_novo/read_partitions/Fb_0/CBin_0/c1.trinity.reads.fa.out" --CPU 1 --max_memory 1G --run_as_paired --seqType fa --trinity_complete --full_cleanup   has successfully completed from a previous run.  Skipping it here.
warning, command: /shared/centos7/anaconda3/2021.11/envs/BINF-12-2021/opt/trinity-2.9.1/util/support_scripts/../../Trinity --single "/scratch/kandru.b/fp_f2022_binf6308_sec3-bhavithakandru/results/trinity_de_novo/read_partitions/Fb_0/CBin_0/c4.trinity.reads.fa" --output "/scratch/kandru.b/fp_f2022_binf6308_sec3-bhavithakandru/results/trinity_de_novo/read_partitions/Fb_0/CBin_0/c4.trinity.reads.fa.out" --CPU 1 --max_memory 1G --run_as_paired --seqType fa --trinity_complete --full_cleanup   has successfully completed from a previous run.  Skipping it here.
warning, command: /shared/centos7/anaconda3/2021.11/envs/BINF-12-2021/opt/trinity-2.9.1/util/support_scripts/../../Trinity --single "/scratch/kandru.b/fp_f2022_binf6308_sec3-bhavithakandru/results/trinity_de_novo/read_partitions/Fb_0/CBin_0/c5.trinity.reads.fa" --output "/scratch/kandru.b/fp_f2022_binf6308_sec3-bhavithakandru/results/trinity_de_novo/read_partitions/Fb_0/CBin_0/c5.trinity.reads.fa.out" --CPU 1 --max_memory 1G --run_as_paired --seqType fa --trinity_complete --full_cleanup   has successfully completed from a previous run.  Skipping it here.
warning, command: /shared/centos7/anaconda3/2021.11/envs/BINF-12-2021/opt/trinity-2.9.1/util/support_scripts/../../Trinity --single "/scratch/kandru.b/fp_f2022_binf6308_sec3-bhavithakandru/results/trinity_de_novo/read_partitions/Fb_0/CBin_0/c6.trinity.reads.fa" --output "/scratch/kandru.b/fp_f2022_binf6308_sec3-bhavithakandru/results/trinity_de_novo/read_partitions/Fb_0/CBin_0/c6.trinity.reads.fa.out" --CPU 1 --max_memory 1G --run_as_paired --seqType fa --trinity_complete --full_cleanup   has successfully completed from a previous run.  Skipping it here.
warning, command: /shared/centos7/anaconda3/2021.11/envs/BINF-12-2021/opt/trinity-2.9.1/util/support_scripts/../../Trinity --single "/scratch/kandru.b/fp_f2022_binf6308_sec3-bhavithakandru/results/trinity_de_novo/read_partitions/Fb_0/CBin_0/c9.trinity.reads.fa" --output "/scratch/kandru.b/fp_f2022_binf6308_sec3-bhavithakandru/results/trinity_de_novo/read_partitions/Fb_0/CBin_0/c9.trinity.reads.fa.out" --CPU 1 --max_memory 1G --run_as_paired --seqType fa --trinity_complete --full_cleanup   has successfully completed from a previous run.  Skipping it here.
warning, command: /shared/centos7/anaconda3/2021.11/envs/BINF-12-2021/opt/trinity-2.9.1/util/support_scripts/../../Trinity --single "/scratch/kandru.b/fp_f2022_binf6308_sec3-bhavithakandru/results/trinity_de_novo/read_partitions/Fb_0/CBin_0/c10.trinity.reads.fa" --output "/scratch/kandru.b/fp_f2022_binf6308_sec3-bhavithakandru/results/trinity_de_novo/read_partitions/Fb_0/CBin_0/c10.trinity.reads.fa.out" --CPU 1 --max_memory 1G --run_as_paired --seqType fa --trinity_complete --full_cleanup   has successfully completed from a previous run.  Skipping it here.
warning, command: /shared/centos7/anaconda3/2021.11/envs/BINF-12-2021/opt/trinity-2.9.1/util/support_scripts/../../Trinity --single "/scratch/kandru.b/fp_f2022_binf6308_sec3-bhavithakandru/results/trinity_de_novo/read_partitions/Fb_0/CBin_0/c11.trinity.reads.fa" --output "/scratch/kandru.b/fp_f2022_binf6308_sec3-bhavithakandru/results/trinity_de_novo/read_partitions/Fb_0/CBin_0/c11.trinity.reads.fa.out" --CPU 1 --max_memory 1G --run_as_paired --seqType fa --trinity_complete --full_cleanup   has successfully completed from a previous run.  Skipping it here.
warning, command: /shared/centos7/anaconda3/2021.11/envs/BINF-12-2021/opt/trinity-2.9.1/util/support_scripts/../../Trinity --single "/scratch/kandru.b/fp_f2022_binf6308_sec3-bhavithakandru/results/trinity_de_novo/read_partitions/Fb_0/CBin_0/c12.trinity.reads.fa" --output "/scratch/kandru.b/fp_f2022_binf6308_sec3-bhavithakandru/results/trinity_de_novo/read_partitions/Fb_0/CBin_0/c12.trinity.reads.fa.out" --CPU 1 --max_memory 1G --run_as_paired --seqType fa --trinity_complete --full_cleanup   has successfully completed from a previous run.  Skipping it here.
warning, command: /shared/centos7/anaconda3/2021.11/envs/BINF-12-2021/opt/trinity-2.9.1/util/support_scripts/../../Trinity --single "/scratch/kandru.b/fp_f2022_binf6308_sec3-bhavithakandru/results/trinity_de_novo/read_partitions/Fb_0/CBin_0/c13.trinity.reads.fa" --output "/scratch/kandru.b/fp_f2022_binf6308_sec3-bhavithakandru/results/trinity_de_novo/read_partitions/Fb_0/CBin_0/c13.trinity.reads.fa.out" --CPU 1 --max_memory 1G --run_as_paired --seqType fa --trinity_complete --full_cleanup   has successfully completed from a previous run.  Skipping it here.
warning, command: /shared/centos7/anaconda3/2021.11/envs/BINF-12-2021/opt/trinity-2.9.1/util/support_scripts/../../Trinity --single "/scratch/kandru.b/fp_f2022_binf6308_sec3-bhavithakandru/results/trinity_de_novo/read_partitions/Fb_0/CBin_0/c14.trinity.reads.fa" --output "/scratch/kandru.b/fp_f2022_binf6308_sec3-bhavithakandru/results/trinity_de_novo/read_partitions/Fb_0/CBin_0/c14.trinity.reads.fa.out" --CPU 1 --max_memory 1G --run_as_paired --seqType fa --trinity_complete --full_cleanup   has successfully completed from a previous run.  Skipping it here.
-reached max skip warning, turning off warnings for this.
Number of Commands: 6


We are sorry, commands in file: [failed_butterfly_commands.1849.txt] failed.  :-( 



Error encountered::  <!----
CMD: /shared/centos7/anaconda3/2021.11/envs/BINF-12-2021/opt/trinity-2.9.1/trinity-plugins/BIN/ParaFly -c /scratch/kandru.b/fp_f2022_binf6308_sec3-bhavithakandru/results/trinity_de_novo/read_partitions/Fb_0/CBin_0/c8.trinity.reads.fa.out/chrysalis/butterfly_commands -shuffle -CPU 1 -failed_cmds failed_butterfly_commands.1849.txt  2>tmp.1849.1671301095.stderr

Errmsg:
Exception in thread "main" java.lang.OutOfMemoryError: Java heap space
	at java.base/java.util.Arrays.copyOfRange(Arrays.java:4030)
	at java.base/java.lang.StringLatin1.newString(StringLatin1.java:715)
	at java.base/java.lang.String.substring(String.java:1846)
	at SeqVertex.getNameKmerAdj(SeqVertex.java:459)
	at SeqVertex.getShortSeq(SeqVertex.java:430)
	at SeqVertex.getShortSeqWID(SeqVertex.java:478)
	at SeqVertex.toString(SeqVertex.java:260)
	at java.base/java.lang.String.valueOf(String.java:2951)
	at java.base/java.lang.StringBuilder.append(StringBuilder.java:168)
	at TransAssembly_allProbPaths.compactLinearPaths(TransAssembly_allProbPaths.java:14433)
	at TransAssembly_allProbPaths.main(TransAssembly_allProbPaths.java:825)
warning, cmd: java -Xmx10G -Xms1G -Xss1G   -XX:ParallelGCThreads=2  -jar /shared/centos7/anaconda3/2021.11/envs/BINF-12-2021/opt/trinity-2.9.1/Butterfly/Butterfly.jar -N 100000 -L 200 -F 500 -C /scratch/kandru.b/fp_f2022_binf6308_sec3-bhavithakandru/results/trinity_de_novo/read_partitions/Fb_0/CBin_0/c8.trinity.reads.fa.out/chrysalis/Component_bins/Cbin0/c0.graph  --path_reinforcement_distance=25  --NO_EM_REDUCE  failed with ret: 256, going to retry.
Exception in thread "main" java.lang.OutOfMemoryError: Java heap space
	at java.base/java.util.Arrays.copyOf(Arrays.java:3689)
	at java.base/java.util.Vector.grow(Vector.java:261)
	at java.base/java.util.Vector.addAll(Vector.java:936)
	at SeqVertex.concatVertex(SeqVertex.java:325)
	at TransAssembly_allProbPaths.compactLinearPaths(TransAssembly_allProbPaths.java:14417)
	at TransAssembly_allProbPaths.main(TransAssembly_allProbPaths.java:825)
warning, cmd: java -Xmx10G -Xms1G -Xss1G   -XX:ParallelGCThreads=2  -jar /shared/centos7/anaconda3/2021.11/envs/BINF-12-2021/opt/trinity-2.9.1/Butterfly/Butterfly.jar -N 100000 -L 200 -F 500 -C /scratch/kandru.b/fp_f2022_binf6308_sec3-bhavithakandru/results/trinity_de_novo/read_partitions/Fb_0/CBin_0/c8.trinity.reads.fa.out/chrysalis/Component_bins/Cbin0/c0.graph  --path_reinforcement_distance=25  --NO_EM_REDUCE  failed with ret: 256, going to retry.
Exception in thread "main" java.lang.OutOfMemoryError: Java heap space
	at java.base/java.util.Arrays.copyOfRange(Arrays.java:4030)
	at java.base/java.lang.StringLatin1.newString(StringLatin1.java:715)
	at java.base/java.lang.String.substring(String.java:1846)
	at SeqVertex.getNameKmerAdj(SeqVertex.java:459)
	at SeqVertex.getShortSeq(SeqVertex.java:430)
	at SeqVertex.getShortSeqWID(SeqVertex.java:478)
	at SeqVertex.toString(SeqVertex.java:260)
	at java.base/java.lang.String.valueOf(String.java:2951)
	at java.base/java.lang.StringBuilder.append(StringBuilder.java:168)
	at TransAssembly_allProbPaths.compactLinearPaths(TransAssembly_allProbPaths.java:14440)
	at TransAssembly_allProbPaths.main(TransAssembly_allProbPaths.java:825)
warning, cmd: java -Xmx10G -Xms1G -Xss1G   -XX:ParallelGCThreads=2  -jar /shared/centos7/anaconda3/2021.11/envs/BINF-12-2021/opt/trinity-2.9.1/Butterfly/Butterfly.jar -N 100000 -L 200 -F 500 -C /scratch/kandru.b/fp_f2022_binf6308_sec3-bhavithakandru/results/trinity_de_novo/read_partitions/Fb_0/CBin_0/c8.trinity.reads.fa.out/chrysalis/Component_bins/Cbin0/c0.graph  --path_reinforcement_distance=25  --NO_EM_REDUCE  failed with ret: 256, going to retry.
Exception in thread "main" java.lang.OutOfMemoryError: Java heap space
	at java.base/java.util.Arrays.copyOfRange(Arrays.java:4030)
	at java.base/java.lang.StringLatin1.newString(StringLatin1.java:715)
	at java.base/java.lang.String.substring(String.java:1846)
	at SeqVertex.getNameKmerAdj(SeqVertex.java:459)
	at SeqVertex.getShortSeq(SeqVertex.java:430)
	at SeqVertex.getShortSeqWID(SeqVertex.java:478)
	at SeqVertex.toString(SeqVertex.java:260)
	at java.base/java.lang.String.valueOf(String.java:2951)
	at java.base/java.lang.StringBuilder.append(StringBuilder.java:168)
	at TransAssembly_allProbPaths.compactLinearPaths(TransAssembly_allProbPaths.java:14429)
	at TransAssembly_allProbPaths.main(TransAssembly_allProbPaths.java:825)
warning, cmd: java -Xmx10G -Xms1G -Xss1G   -XX:ParallelGCThreads=2  -jar /shared/centos7/anaconda3/2021.11/envs/BINF-12-2021/opt/trinity-2.9.1/Butterfly/Butterfly.jar -N 100000 -L 200 -F 500 -C /scratch/kandru.b/fp_f2022_binf6308_sec3-bhavithakandru/results/trinity_de_novo/read_partitions/Fb_0/CBin_0/c8.trinity.reads.fa.out/chrysalis/Component_bins/Cbin0/c0.graph  --path_reinforcement_distance=25  --NO_EM_REDUCE  failed with ret: 256, going to retry.
Exception in thread "main" java.lang.OutOfMemoryError: Java heap space
	at java.base/java.util.Arrays.copyOf(Arrays.java:3689)
	at java.base/java.util.Vector.grow(Vector.java:261)
	at java.base/java.util.Vector.addAll(Vector.java:936)
	at SeqVertex.concatVertex(SeqVertex.java:325)
	at TransAssembly_allProbPaths.compactLinearPaths(TransAssembly_allProbPaths.java:14417)
	at TransAssembly_allProbPaths.main(TransAssembly_allProbPaths.java:825)
warning, cmd: java -Xmx10G -Xms1G -Xss1G   -XX:ParallelGCThreads=2  -jar /shared/centos7/anaconda3/2021.11/envs/BINF-12-2021/opt/trinity-2.9.1/Butterfly/Butterfly.jar -N 100000 -L 200 -F 500 -C /scratch/kandru.b/fp_f2022_binf6308_sec3-bhavithakandru/results/trinity_de_novo/read_partitions/Fb_0/CBin_0/c8.trinity.reads.fa.out/chrysalis/Component_bins/Cbin0/c0.graph  --path_reinforcement_distance=25  --NO_EM_REDUCE  failed with ret: 256, going to retry.
Exception in thread "main" java.lang.OutOfMemoryError: Java heap space
	at java.base/java.util.Arrays.copyOfRange(Arrays.java:4030)
	at java.base/java.lang.StringLatin1.newString(StringLatin1.java:715)
	at java.base/java.lang.StringBuilder.toString(StringBuilder.java:448)
	at SeqVertex.concatVertex(SeqVertex.java:321)
	at TransAssembly_allProbPaths.compactLinearPaths(TransAssembly_allProbPaths.java:14417)
	at TransAssembly_allProbPaths.main(TransAssembly_allProbPaths.java:825)
warning, cmd: java -Xmx10G -Xms1G -Xss1G   -XX:ParallelGCThreads=2  -jar /shared/centos7/anaconda3/2021.11/envs/BINF-12-2021/opt/trinity-2.9.1/Butterfly/Butterfly.jar -N 100000 -L 200 -F 500 -C /scratch/kandru.b/fp_f2022_binf6308_sec3-bhavithakandru/results/trinity_de_novo/read_partitions/Fb_0/CBin_0/c8.trinity.reads.fa.out/chrysalis/Component_bins/Cbin0/c0.graph  --path_reinforcement_distance=25  --NO_EM_REDUCE  failed with ret: 256, going to retry.
Exception in thread "main" java.lang.OutOfMemoryError: Java heap space
	at java.base/java.util.Arrays.copyOf(Arrays.java:3689)
	at java.base/java.util.Vector.toArray(Vector.java:716)
	at java.base/java.util.Vector.addAll(Vector.java:927)
	at SeqVertex.concatVertex(SeqVertex.java:334)
	at TransAssembly_allProbPaths.compactLinearPaths(TransAssembly_allProbPaths.java:14417)
	at TransAssembly_allProbPaths.main(TransAssembly_allProbPaths.java:825)
warning, cmd: java -Xmx10G -Xms1G -Xss1G   -XX:ParallelGCThreads=2  -jar /shared/centos7/anaconda3/2021.11/envs/BINF-12-2021/opt/trinity-2.9.1/Butterfly/Butterfly.jar -N 100000 -L 200 -F 500 -C /scratch/kandru.b/fp_f2022_binf6308_sec3-bhavithakandru/results/trinity_de_novo/read_partitions/Fb_0/CBin_0/c8.trinity.reads.fa.out/chrysalis/Component_bins/Cbin0/c0.graph  --path_reinforcement_distance=25  --NO_EM_REDUCE  failed with ret: 256, going to retry.
Exception in thread "main" java.lang.OutOfMemoryError: Java heap space
	at java.base/java.util.Arrays.copyOfRange(Arrays.java:4030)
	at java.base/java.lang.StringLatin1.newString(StringLatin1.java:715)
	at java.base/java.lang.String.substring(String.java:1846)
	at SeqVertex.getNameKmerAdj(SeqVertex.java:459)
	at SeqVertex.getShortSeq(SeqVertex.java:430)
	at SeqVertex.getShortSeqWID(SeqVertex.java:478)
	at SeqVertex.toString(SeqVertex.java:260)
	at java.base/java.lang.String.valueOf(String.java:2951)
	at java.base/java.lang.StringBuilder.append(StringBuilder.java:168)
	at TransAssembly_allProbPaths.compactLinearPaths(TransAssembly_allProbPaths.java:14440)
	at TransAssembly_allProbPaths.main(TransAssembly_allProbPaths.java:825)
warning, cmd: java -Xmx10G -Xms1G -Xss1G   -XX:ParallelGCThreads=2  -jar /shared/centos7/anaconda3/2021.11/envs/BINF-12-2021/opt/trinity-2.9.1/Butterfly/Butterfly.jar -N 100000 -L 200 -F 500 -C /scratch/kandru.b/fp_f2022_binf6308_sec3-bhavithakandru/results/trinity_de_novo/read_partitions/Fb_0/CBin_0/c8.trinity.reads.fa.out/chrysalis/Component_bins/Cbin0/c0.graph  --path_reinforcement_distance=25  --NO_EM_REDUCE  failed with ret: 256, going to retry.
Exception in thread "main" java.lang.OutOfMemoryError: Java heap space
	at java.base/java.util.Arrays.copyOfRange(Arrays.java:4030)
	at java.base/java.lang.StringLatin1.newString(StringLatin1.java:715)
	at java.base/java.lang.String.substring(String.java:1846)
	at SeqVertex.getNameKmerAdj(SeqVertex.java:459)
	at SeqVertex.getShortSeq(SeqVertex.java:430)
	at SeqVertex.getShortSeqWID(SeqVertex.java:478)
	at SeqVertex.toString(SeqVertex.java:260)
	at java.base/java.lang.String.valueOf(String.java:2951)
	at java.base/java.lang.StringBuilder.append(StringBuilder.java:168)
	at TransAssembly_allProbPaths.compactLinearPaths(TransAssembly_allProbPaths.java:14443)
	at TransAssembly_allProbPaths.main(TransAssembly_allProbPaths.java:825)
warning, cmd: java -Xmx10G -Xms1G -Xss1G   -XX:ParallelGCThreads=2  -jar /shared/centos7/anaconda3/2021.11/envs/BINF-12-2021/opt/trinity-2.9.1/Butterfly/Butterfly.jar -N 100000 -L 200 -F 500 -C /scratch/kandru.b/fp_f2022_binf6308_sec3-bhavithakandru/results/trinity_de_novo/read_partitions/Fb_0/CBin_0/c8.trinity.reads.fa.out/chrysalis/Component_bins/Cbin0/c0.graph  --path_reinforcement_distance=25  --NO_EM_REDUCE  failed with ret: 256, going to retry.
Exception in thread "main" java.lang.OutOfMemoryError: Java heap space
	at java.base/java.util.Arrays.copyOf(Arrays.java:3689)
	at java.base/java.util.Vector.grow(Vector.java:261)
	at java.base/java.util.Vector.addAll(Vector.java:936)
	at SeqVertex.concatVertex(SeqVertex.java:325)
	at TransAssembly_allProbPaths.compactLinearPaths(TransAssembly_allProbPaths.java:14417)
	at TransAssembly_allProbPaths.main(TransAssembly_allProbPaths.java:825)
warning, cmd: java -Xmx10G -Xms1G -Xss1G   -XX:ParallelGCThreads=2  -jar /shared/centos7/anaconda3/2021.11/envs/BINF-12-2021/opt/trinity-2.9.1/Butterfly/Butterfly.jar -N 100000 -L 200 -F 500 -C /scratch/kandru.b/fp_f2022_binf6308_sec3-bhavithakandru/results/trinity_de_novo/read_partitions/Fb_0/CBin_0/c8.trinity.reads.fa.out/chrysalis/Component_bins/Cbin0/c0.graph  --path_reinforcement_distance=25  --NO_EM_REDUCE  failed with ret: 256, going to retry.

--->

Trinity run failed. Must investigate error above.
warning, cmd: /shared/centos7/anaconda3/2021.11/envs/BINF-12-2021/opt/trinity-2.9.1/util/support_scripts/../../Trinity --single "/scratch/kandru.b/fp_f2022_binf6308_sec3-bhavithakandru/results/trinity_de_novo/read_partitions/Fb_0/CBin_0/c8.trinity.reads.fa" --output "/scratch/kandru.b/fp_f2022_binf6308_sec3-bhavithakandru/results/trinity_de_novo/read_partitions/Fb_0/CBin_0/c8.trinity.reads.fa.out" --CPU 1 --max_memory 1G --run_as_paired --seqType fa --trinity_complete --full_cleanup   failed with ret: 65280, going to retry.
