Command line: /shared/centos7/anaconda3/2021.11/envs/BINF-12-2021/bin/spades.py	-1	/scratch/kandru.b/fp_f2022_binf6308_sec3-bhavithakandru/data/trimmed/cholerae.R1.paired.fastq	-2	/scratch/kandru.b/fp_f2022_binf6308_sec3-bhavithakandru/data/trimmed/cholerae.R2.paired.fastq	-o	/scratch/kandru.b/fp_f2022_binf6308_sec3-bhavithakandru/scripts/cholerae	

System information:
  SPAdes version: 3.13.1
  Python version: 3.8.8
  OS: Linux-3.10.0-1160.25.1.el7.x86_64-x86_64-with-glibc2.10

Output dir: /scratch/kandru.b/fp_f2022_binf6308_sec3-bhavithakandru/scripts/cholerae
Mode: read error correction and assembling
Debug mode is turned OFF

Dataset parameters:
  Multi-cell mode (you should set '--sc' flag if input data was obtained with MDA (single-cell) technology or --meta flag if processing metagenomic dataset)
  Reads:
    Library number: 1, library type: paired-end
      orientation: fr
      left reads: ['/scratch/kandru.b/fp_f2022_binf6308_sec3-bhavithakandru/data/trimmed/cholerae.R1.paired.fastq']
      right reads: ['/scratch/kandru.b/fp_f2022_binf6308_sec3-bhavithakandru/data/trimmed/cholerae.R2.paired.fastq']
      interlaced reads: not specified
      single reads: not specified
      merged reads: not specified
Read error correction parameters:
  Iterations: 1
  PHRED offset will be auto-detected
  Corrected reads will be compressed
Assembly parameters:
  k: automatic selection based on read length
  Repeat resolution is enabled
  Mismatch careful mode is turned OFF
  MismatchCorrector will be SKIPPED
  Coverage cutoff is turned OFF
Other parameters:
  Dir for temp files: /scratch/kandru.b/fp_f2022_binf6308_sec3-bhavithakandru/scripts/cholerae/tmp
  Threads: 16
  Memory limit (in Gb): 187


======= SPAdes pipeline started. Log can be found here: /scratch/kandru.b/fp_f2022_binf6308_sec3-bhavithakandru/scripts/cholerae/spades.log


===== Read error correction started. 


== Running read error correction tool: /shared/centos7/anaconda3/2021.11/envs/BINF-12-2021/share/spades-3.13.1-0/bin/spades-hammer /scratch/kandru.b/fp_f2022_binf6308_sec3-bhavithakandru/scripts/cholerae/corrected/configs/config.info

  0:00:00.000     4M / 4M    INFO    General                 (main.cpp                  :  75)   Starting BayesHammer, built from refs/heads/spades_3.13.1, git revision 9a9d54db2ff9abaac718155bf74c12ec9464e8ca
  0:00:00.001     4M / 4M    INFO    General                 (main.cpp                  :  76)   Loading config from /scratch/kandru.b/fp_f2022_binf6308_sec3-bhavithakandru/scripts/cholerae/corrected/configs/config.info
  0:00:00.002     4M / 4M    INFO    General                 (main.cpp                  :  78)   Maximum # of threads to use (adjusted due to OMP capabilities): 16
  0:00:00.002     4M / 4M    INFO    General                 (memory_limit.cpp          :  49)   Memory limit set to 187 Gb
  0:00:00.002     4M / 4M    INFO    General                 (main.cpp                  :  86)   Trying to determine PHRED offset
  0:00:00.159     4M / 4M    INFO    General                 (main.cpp                  :  92)   Determined value is 33
  0:00:00.160     4M / 4M    INFO    General                 (hammer_tools.cpp          :  36)   Hamming graph threshold tau=1, k=21, subkmer positions = [ 0 10 ]
  0:00:00.160     4M / 4M    INFO    General                 (main.cpp                  : 113)   Size of aux. kmer data 24 bytes
     === ITERATION 0 begins ===
  0:00:00.173     4M / 4M    INFO   K-mer Index Building     (kmer_index_builder.hpp    : 301)   Building kmer index
  0:00:00.173     4M / 4M    INFO    General                 (kmer_index_builder.hpp    : 117)   Splitting kmer instances into 256 files using 16 threads. This might take a while.
  0:00:00.175     4M / 4M    INFO    General                 (file_limit.hpp            :  32)   Open file limit set to 4096
  0:00:00.175     4M / 4M    INFO    General                 (kmer_splitters.hpp        :  89)   Memory available for splitting buffers: 3.89575 Gb
  0:00:00.175     4M / 4M    INFO    General                 (kmer_splitters.hpp        :  97)   Using cell size of 262144
  0:00:00.980     8G / 8G    INFO   K-mer Splitting          (kmer_data.cpp             :  97)   Processing /scratch/kandru.b/fp_f2022_binf6308_sec3-bhavithakandru/data/trimmed/cholerae.R1.paired.fastq

Traceback (most recent call last):
  File "/shared/centos7/anaconda3/2021.11/envs/BINF-12-2021/bin/spades.py", line 796, in main
    hammer_logic.run_hammer(corrected_dataset_yaml_filename, tmp_configs_dir, bin_home, bh_cfg, dataset_data,
  File "/shared/centos7/anaconda3/2021.11/envs/BINF-12-2021/share/spades-3.13.1-0/share/spades/spades_pipeline/hammer_logic.py", line 146, in run_hammer
    support.sys_call(command, log)
  File "/shared/centos7/anaconda3/2021.11/envs/BINF-12-2021/share/spades-3.13.1-0/share/spades/spades_pipeline/support.py", line 245, in sys_call
    line = process_readline(proc.stdout.readline())
KeyboardInterrupt


== Error ==  exception caught: <class 'KeyboardInterrupt'>

In case you have troubles running SPAdes, you can write to spades.support@cab.spbu.ru
or report an issue on our GitHub repository github.com/ablab/spades
Please provide us with params.txt and spades.log files from the output directory.
